[19-Dec-2020 12:53:35 UTC] PHP Fatal error:  Uncaught Error: Call to undefined function get_field() in /home/427283.cloudwaysapps.com/qnwvfbmdzn/public_html/wp-content/themes/twentytwenty-child/footer.php:19
Stack trace:
#0 /home/427283.cloudwaysapps.com/qnwvfbmdzn/public_html/wp-includes/template.php(730): require_once()
#1 /home/427283.cloudwaysapps.com/qnwvfbmdzn/public_html/wp-includes/template.php(676): load_template()
#2 /home/427283.cloudwaysapps.com/qnwvfbmdzn/public_html/wp-includes/general-template.php(92): locate_template()
#3 /home/427283.cloudwaysapps.com/qnwvfbmdzn/public_html/wp-content/themes/twentytwenty-child/template-parts/home.php(20): get_footer()
#4 /home/427283.cloudwaysapps.com/qnwvfbmdzn/public_html/wp-includes/template-loader.php(106): include('/home/427283.cl...')
#5 /home/427283.cloudwaysapps.com/qnwvfbmdzn/public_html/wp-blog-header.php(19): require_once('/home/427283.cl...')
#6 /home/427283.cloudwaysapps.com/qnwvfbmdzn/public_html/index.php(17): require('/home/427283.cl...')
#7 {main}
  thrown in /home/427283.cloudwaysapps.com/qnwvfbmdzn/public_html/wp-content/themes/twentytwenty-child/footer.php on line 19
[19-Dec-2020 12:53:36 UTC] PHP Fatal error:  Uncaught Error: Call to undefined function get_field() in /home/427283.cloudwaysapps.com/qnwvfbmdzn/public_html/wp-content/themes/twentytwenty-child/footer.php:19
Stack trace:
#0 /home/427283.cloudwaysapps.com/qnwvfbmdzn/public_html/wp-includes/template.php(730): require_once()
#1 /home/427283.cloudwaysapps.com/qnwvfbmdzn/public_html/wp-includes/template.php(676): load_template()
#2 /home/427283.cloudwaysapps.com/qnwvfbmdzn/public_html/wp-includes/general-template.php(92): locate_template()
#3 /home/427283.cloudwaysapps.com/qnwvfbmdzn/public_html/wp-content/themes/twentytwenty/404.php(36): get_footer()
#4 /home/427283.cloudwaysapps.com/qnwvfbmdzn/public_html/wp-includes/template-loader.php(106): include('/home/427283.cl...')
#5 /home/427283.cloudwaysapps.com/qnwvfbmdzn/public_html/wp-blog-header.php(19): require_once('/home/427283.cl...')
#6 /home/427283.cloudwaysapps.com/qnwvfbmdzn/public_html/index.php(17): require('/home/427283.cl...')
#7 {main}
  thrown in /home/427283.cloudwaysapps.com/qnwvfbmdzn/public_html/wp-content/themes/twentytwenty-child/footer.php on line 19
[19-Dec-2020 12:54:22 UTC] PHP Fatal error:  Uncaught Error: Call to undefined function get_field() in /home/427283.cloudwaysapps.com/qnwvfbmdzn/public_html/wp-content/themes/twentytwenty-child/footer.php:19
Stack trace:
#0 /home/427283.cloudwaysapps.com/qnwvfbmdzn/public_html/wp-includes/template.php(730): require_once()
#1 /home/427283.cloudwaysapps.com/qnwvfbmdzn/public_html/wp-includes/template.php(676): load_template()
#2 /home/427283.cloudwaysapps.com/qnwvfbmdzn/public_html/wp-includes/general-template.php(92): locate_template()
#3 /home/427283.cloudwaysapps.com/qnwvfbmdzn/public_html/wp-content/themes/twentytwenty-child/template-parts/home.php(20): get_footer()
#4 /home/427283.cloudwaysapps.com/qnwvfbmdzn/public_html/wp-includes/template-loader.php(106): include('/home/427283.cl...')
#5 /home/427283.cloudwaysapps.com/qnwvfbmdzn/public_html/wp-blog-header.php(19): require_once('/home/427283.cl...')
#6 /home/427283.cloudwaysapps.com/qnwvfbmdzn/public_html/index.php(17): require('/home/427283.cl...')
#7 {main}
  thrown in /home/427283.cloudwaysapps.com/qnwvfbmdzn/public_html/wp-content/themes/twentytwenty-child/footer.php on line 19
[19-Dec-2020 12:54:23 UTC] PHP Fatal error:  Uncaught Error: Call to undefined function get_field() in /home/427283.cloudwaysapps.com/qnwvfbmdzn/public_html/wp-content/themes/twentytwenty-child/footer.php:19
Stack trace:
#0 /home/427283.cloudwaysapps.com/qnwvfbmdzn/public_html/wp-includes/template.php(730): require_once()
#1 /home/427283.cloudwaysapps.com/qnwvfbmdzn/public_html/wp-includes/template.php(676): load_template()
#2 /home/427283.cloudwaysapps.com/qnwvfbmdzn/public_html/wp-includes/general-template.php(92): locate_template()
#3 /home/427283.cloudwaysapps.com/qnwvfbmdzn/public_html/wp-content/themes/twentytwenty/404.php(36): get_footer()
#4 /home/427283.cloudwaysapps.com/qnwvfbmdzn/public_html/wp-includes/template-loader.php(106): include('/home/427283.cl...')
#5 /home/427283.cloudwaysapps.com/qnwvfbmdzn/public_html/wp-blog-header.php(19): require_once('/home/427283.cl...')
#6 /home/427283.cloudwaysapps.com/qnwvfbmdzn/public_html/index.php(17): require('/home/427283.cl...')
#7 {main}
  thrown in /home/427283.cloudwaysapps.com/qnwvfbmdzn/public_html/wp-content/themes/twentytwenty-child/footer.php on line 19
[19-Dec-2020 12:54:51 UTC] PHP Fatal error:  Uncaught Error: Call to undefined function get_field() in /home/427283.cloudwaysapps.com/qnwvfbmdzn/public_html/wp-content/themes/twentytwenty-child/footer.php:19
Stack trace:
#0 /home/427283.cloudwaysapps.com/qnwvfbmdzn/public_html/wp-includes/template.php(730): require_once()
#1 /home/427283.cloudwaysapps.com/qnwvfbmdzn/public_html/wp-includes/template.php(676): load_template()
#2 /home/427283.cloudwaysapps.com/qnwvfbmdzn/public_html/wp-includes/general-template.php(92): locate_template()
#3 /home/427283.cloudwaysapps.com/qnwvfbmdzn/public_html/wp-content/themes/twentytwenty-child/template-parts/home.php(20): get_footer()
#4 /home/427283.cloudwaysapps.com/qnwvfbmdzn/public_html/wp-includes/template-loader.php(106): include('/home/427283.cl...')
#5 /home/427283.cloudwaysapps.com/qnwvfbmdzn/public_html/wp-blog-header.php(19): require_once('/home/427283.cl...')
#6 /home/427283.cloudwaysapps.com/qnwvfbmdzn/public_html/index.php(17): require('/home/427283.cl...')
#7 {main}
  thrown in /home/427283.cloudwaysapps.com/qnwvfbmdzn/public_html/wp-content/themes/twentytwenty-child/footer.php on line 19
[19-Dec-2020 12:54:51 UTC] PHP Fatal error:  Uncaught Error: Call to undefined function get_field() in /home/427283.cloudwaysapps.com/qnwvfbmdzn/public_html/wp-content/themes/twentytwenty-child/footer.php:19
Stack trace:
#0 /home/427283.cloudwaysapps.com/qnwvfbmdzn/public_html/wp-includes/template.php(730): require_once()
#1 /home/427283.cloudwaysapps.com/qnwvfbmdzn/public_html/wp-includes/template.php(676): load_template()
#2 /home/427283.cloudwaysapps.com/qnwvfbmdzn/public_html/wp-includes/general-template.php(92): locate_template()
#3 /home/427283.cloudwaysapps.com/qnwvfbmdzn/public_html/wp-content/themes/twentytwenty/404.php(36): get_footer()
#4 /home/427283.cloudwaysapps.com/qnwvfbmdzn/public_html/wp-includes/template-loader.php(106): include('/home/427283.cl...')
#5 /home/427283.cloudwaysapps.com/qnwvfbmdzn/public_html/wp-blog-header.php(19): require_once('/home/427283.cl...')
#6 /home/427283.cloudwaysapps.com/qnwvfbmdzn/public_html/index.php(17): require('/home/427283.cl...')
#7 {main}
  thrown in /home/427283.cloudwaysapps.com/qnwvfbmdzn/public_html/wp-content/themes/twentytwenty-child/footer.php on line 19
[19-Dec-2020 12:55:32 UTC] PHP Fatal error:  Uncaught Error: Call to undefined function get_field() in /home/427283.cloudwaysapps.com/qnwvfbmdzn/public_html/wp-content/themes/twentytwenty-child/footer.php:19
Stack trace:
#0 /home/427283.cloudwaysapps.com/qnwvfbmdzn/public_html/wp-includes/template.php(730): require_once()
#1 /home/427283.cloudwaysapps.com/qnwvfbmdzn/public_html/wp-includes/template.php(676): load_template()
#2 /home/427283.cloudwaysapps.com/qnwvfbmdzn/public_html/wp-includes/general-template.php(92): locate_template()
#3 /home/427283.cloudwaysapps.com/qnwvfbmdzn/public_html/wp-content/themes/twentytwenty-child/template-parts/home.php(20): get_footer()
#4 /home/427283.cloudwaysapps.com/qnwvfbmdzn/public_html/wp-includes/template-loader.php(106): include('/home/427283.cl...')
#5 /home/427283.cloudwaysapps.com/qnwvfbmdzn/public_html/wp-blog-header.php(19): require_once('/home/427283.cl...')
#6 /home/427283.cloudwaysapps.com/qnwvfbmdzn/public_html/index.php(17): require('/home/427283.cl...')
#7 {main}
  thrown in /home/427283.cloudwaysapps.com/qnwvfbmdzn/public_html/wp-content/themes/twentytwenty-child/footer.php on line 19
[19-Dec-2020 12:55:33 UTC] PHP Fatal error:  Uncaught Error: Call to undefined function get_field() in /home/427283.cloudwaysapps.com/qnwvfbmdzn/public_html/wp-content/themes/twentytwenty-child/footer.php:19
Stack trace:
#0 /home/427283.cloudwaysapps.com/qnwvfbmdzn/public_html/wp-includes/template.php(730): require_once()
#1 /home/427283.cloudwaysapps.com/qnwvfbmdzn/public_html/wp-includes/template.php(676): load_template()
#2 /home/427283.cloudwaysapps.com/qnwvfbmdzn/public_html/wp-includes/general-template.php(92): locate_template()
#3 /home/427283.cloudwaysapps.com/qnwvfbmdzn/public_html/wp-content/themes/twentytwenty/404.php(36): get_footer()
#4 /home/427283.cloudwaysapps.com/qnwvfbmdzn/public_html/wp-includes/template-loader.php(106): include('/home/427283.cl...')
#5 /home/427283.cloudwaysapps.com/qnwvfbmdzn/public_html/wp-blog-header.php(19): require_once('/home/427283.cl...')
#6 /home/427283.cloudwaysapps.com/qnwvfbmdzn/public_html/index.php(17): require('/home/427283.cl...')
#7 {main}
  thrown in /home/427283.cloudwaysapps.com/qnwvfbmdzn/public_html/wp-content/themes/twentytwenty-child/footer.php on line 19
[19-Dec-2020 12:56:13 UTC] PHP Fatal error:  Uncaught Error: Call to undefined function get_field() in /home/427283.cloudwaysapps.com/qnwvfbmdzn/public_html/wp-content/themes/twentytwenty-child/footer.php:19
Stack trace:
#0 /home/427283.cloudwaysapps.com/qnwvfbmdzn/public_html/wp-includes/template.php(730): require_once()
#1 /home/427283.cloudwaysapps.com/qnwvfbmdzn/public_html/wp-includes/template.php(676): load_template()
#2 /home/427283.cloudwaysapps.com/qnwvfbmdzn/public_html/wp-includes/general-template.php(92): locate_template()
#3 /home/427283.cloudwaysapps.com/qnwvfbmdzn/public_html/wp-content/themes/twentytwenty-child/template-parts/home.php(20): get_footer()
#4 /home/427283.cloudwaysapps.com/qnwvfbmdzn/public_html/wp-includes/template-loader.php(106): include('/home/427283.cl...')
#5 /home/427283.cloudwaysapps.com/qnwvfbmdzn/public_html/wp-blog-header.php(19): require_once('/home/427283.cl...')
#6 /home/427283.cloudwaysapps.com/qnwvfbmdzn/public_html/index.php(17): require('/home/427283.cl...')
#7 {main}
  thrown in /home/427283.cloudwaysapps.com/qnwvfbmdzn/public_html/wp-content/themes/twentytwenty-child/footer.php on line 19
[19-Dec-2020 12:56:13 UTC] PHP Fatal error:  Uncaught Error: Call to undefined function get_field() in /home/427283.cloudwaysapps.com/qnwvfbmdzn/public_html/wp-content/themes/twentytwenty-child/footer.php:19
Stack trace:
#0 /home/427283.cloudwaysapps.com/qnwvfbmdzn/public_html/wp-includes/template.php(730): require_once()
#1 /home/427283.cloudwaysapps.com/qnwvfbmdzn/public_html/wp-includes/template.php(676): load_template()
#2 /home/427283.cloudwaysapps.com/qnwvfbmdzn/public_html/wp-includes/general-template.php(92): locate_template()
#3 /home/427283.cloudwaysapps.com/qnwvfbmdzn/public_html/wp-content/themes/twentytwenty/404.php(36): get_footer()
#4 /home/427283.cloudwaysapps.com/qnwvfbmdzn/public_html/wp-includes/template-loader.php(106): include('/home/427283.cl...')
#5 /home/427283.cloudwaysapps.com/qnwvfbmdzn/public_html/wp-blog-header.php(19): require_once('/home/427283.cl...')
#6 /home/427283.cloudwaysapps.com/qnwvfbmdzn/public_html/index.php(17): require('/home/427283.cl...')
#7 {main}
  thrown in /home/427283.cloudwaysapps.com/qnwvfbmdzn/public_html/wp-content/themes/twentytwenty-child/footer.php on line 19
[19-Dec-2020 12:57:58 UTC] PHP Fatal error:  Uncaught Error: Call to undefined function get_field() in /home/427283.cloudwaysapps.com/qnwvfbmdzn/public_html/wp-content/themes/twentytwenty-child/footer.php:19
Stack trace:
#0 /home/427283.cloudwaysapps.com/qnwvfbmdzn/public_html/wp-includes/template.php(730): require_once()
#1 /home/427283.cloudwaysapps.com/qnwvfbmdzn/public_html/wp-includes/template.php(676): load_template()
#2 /home/427283.cloudwaysapps.com/qnwvfbmdzn/public_html/wp-includes/general-template.php(92): locate_template()
#3 /home/427283.cloudwaysapps.com/qnwvfbmdzn/public_html/wp-content/themes/twentytwenty-child/template-parts/home.php(20): get_footer()
#4 /home/427283.cloudwaysapps.com/qnwvfbmdzn/public_html/wp-includes/template-loader.php(106): include('/home/427283.cl...')
#5 /home/427283.cloudwaysapps.com/qnwvfbmdzn/public_html/wp-blog-header.php(19): require_once('/home/427283.cl...')
#6 /home/427283.cloudwaysapps.com/qnwvfbmdzn/public_html/index.php(17): require('/home/427283.cl...')
#7 {main}
  thrown in /home/427283.cloudwaysapps.com/qnwvfbmdzn/public_html/wp-content/themes/twentytwenty-child/footer.php on line 19
[19-Dec-2020 12:57:58 UTC] PHP Fatal error:  Uncaught Error: Call to undefined function get_field() in /home/427283.cloudwaysapps.com/qnwvfbmdzn/public_html/wp-content/themes/twentytwenty-child/footer.php:19
Stack trace:
#0 /home/427283.cloudwaysapps.com/qnwvfbmdzn/public_html/wp-includes/template.php(730): require_once()
#1 /home/427283.cloudwaysapps.com/qnwvfbmdzn/public_html/wp-includes/template.php(676): load_template()
#2 /home/427283.cloudwaysapps.com/qnwvfbmdzn/public_html/wp-includes/general-template.php(92): locate_template()
#3 /home/427283.cloudwaysapps.com/qnwvfbmdzn/public_html/wp-content/themes/twentytwenty/404.php(36): get_footer()
#4 /home/427283.cloudwaysapps.com/qnwvfbmdzn/public_html/wp-includes/template-loader.php(106): include('/home/427283.cl...')
#5 /home/427283.cloudwaysapps.com/qnwvfbmdzn/public_html/wp-blog-header.php(19): require_once('/home/427283.cl...')
#6 /home/427283.cloudwaysapps.com/qnwvfbmdzn/public_html/index.php(17): require('/home/427283.cl...')
#7 {main}
  thrown in /home/427283.cloudwaysapps.com/qnwvfbmdzn/public_html/wp-content/themes/twentytwenty-child/footer.php on line 19
